
ROM used:   92/8192 (1%)
            92/8192 (1%) including unused fragments

            0.1 Average locations per line
            5.4 Average locations per statement

RAM used:   13/368 (4%) at main() level
            14/368 (4%) worst case

Stack used: 1 worst case (0 in main + 1 for interrupts)
Stack size: 8

Lines Stmts  %   Files
----- ----- ---  -----
   48    17 100  main.c
    9     0   0  main.h
  671     0   0  ..\..\..\..\Program Files (x86)\PICC\Devices\16F877A.h
----- -----
  728    17 Total

Page ROM  %  RAM    Vol Diff  Functions:
---- --- --- ---    --- ----  ----------
0     18  20    1    143  3.0  ngat
0     27  29    0    127  2.1  MAIN
 Inline         0             @cinit1

Program metrics:
    Functions               2
    Statements              17
    Comments                130
    Volume (V)              334
    Difficulty (D)          5.0
    Effort to implement (E) 1672
    Time to implement (T)   2 minutes
    Est Delivered Bugs (B)  0
    Cyclomatic Complexity   2
    Maintainability (MI)    106

 Segment     Used  Free
-----------  ----  ----
00000-00003     4  0  
00004-0002E    43  0  
0002F-007FF    45  1956  
00800-00FFF     0  2048  
01000-017FF     0  2048  
01800-01FFF     0  2048  



