;  LST file generated by mikroListExporter - v.2.0 
; Date/Time: 28/04/2023 5:36:59 CH
;----------------------------------------------

;Address Opcode 	ASM
0x0000	0x2975      	GOTO       373
_Delay_1us:
0x0003	0x0000      	NOP
0x0004	0x0000      	NOP
0x0005	0x0000      	NOP
0x0006	0x0000      	NOP
0x0007	0x0000      	NOP
L_end_Delay_1us:
0x0008	0x0008      	RETURN
; end of _Delay_1us
_Delay_5500us:
0x0009	0x3024      	MOVLW      36
0x000A	0x1283      	BCF        STATUS, 5
0x000B	0x1303      	BCF        STATUS, 6
0x000C	0x00FC      	MOVWF      R12
0x000D	0x30B5      	MOVLW      181
0x000E	0x00FD      	MOVWF      R13
L_Delay_5500us5:
0x000F	0x0BFD      	DECFSZ     R13, 1
0x0010	0x280F      	GOTO       L_Delay_5500us5
0x0011	0x0BFC      	DECFSZ     R12, 1
0x0012	0x280F      	GOTO       L_Delay_5500us5
0x0013	0x0000      	NOP
0x0014	0x0000      	NOP
L_end_Delay_5500us:
0x0015	0x0008      	RETURN
; end of _Delay_5500us
_Delay_50us:
0x0016	0x3053      	MOVLW      83
0x0017	0x1283      	BCF        STATUS, 5
0x0018	0x1303      	BCF        STATUS, 6
0x0019	0x00FD      	MOVWF      R13
L_Delay_50us2:
0x001A	0x0BFD      	DECFSZ     R13, 1
0x001B	0x281A      	GOTO       L_Delay_50us2
L_end_Delay_50us:
0x001C	0x0008      	RETURN
; end of _Delay_50us
_Lcd_Cmd:
0x001D	0x1283      	BCF        STATUS, 5
0x001E	0x1303      	BCF        STATUS, 6
0x001F	0x1BB8      	BTFSC      FARG_Lcd_Cmd_out_char, 7
0x0020	0x2823      	GOTO       L__Lcd_Cmd21
0x0021	0x1386      	BCF        LCD_D7, BitPos(LCD_D7+0)
0x0022	0x2824      	GOTO       L__Lcd_Cmd22
L__Lcd_Cmd21:
0x0023	0x1786      	BSF        LCD_D7, BitPos(LCD_D7+0)
L__Lcd_Cmd22:
0x0024	0x1B38      	BTFSC      FARG_Lcd_Cmd_out_char, 6
0x0025	0x2828      	GOTO       L__Lcd_Cmd23
0x0026	0x1306      	BCF        LCD_D6, BitPos(LCD_D6+0)
0x0027	0x2829      	GOTO       L__Lcd_Cmd24
L__Lcd_Cmd23:
0x0028	0x1706      	BSF        LCD_D6, BitPos(LCD_D6+0)
L__Lcd_Cmd24:
0x0029	0x1AB8      	BTFSC      FARG_Lcd_Cmd_out_char, 5
0x002A	0x282D      	GOTO       L__Lcd_Cmd25
0x002B	0x1286      	BCF        LCD_D5, BitPos(LCD_D5+0)
0x002C	0x282E      	GOTO       L__Lcd_Cmd26
L__Lcd_Cmd25:
0x002D	0x1686      	BSF        LCD_D5, BitPos(LCD_D5+0)
L__Lcd_Cmd26:
0x002E	0x1A38      	BTFSC      FARG_Lcd_Cmd_out_char, 4
0x002F	0x2832      	GOTO       L__Lcd_Cmd27
0x0030	0x1206      	BCF        LCD_D4, BitPos(LCD_D4+0)
0x0031	0x2833      	GOTO       L__Lcd_Cmd28
L__Lcd_Cmd27:
0x0032	0x1606      	BSF        LCD_D4, BitPos(LCD_D4+0)
L__Lcd_Cmd28:
0x0033	0x1820      	BTFSC      __Lib_Lcd_cmd_status, BitPos(__Lib_Lcd_cmd_status+0)
0x0034	0x2837      	GOTO       L__Lcd_Cmd29
0x0035	0x1406      	BSF        LCD_RS, BitPos(LCD_RS+0)
0x0036	0x2838      	GOTO       L__Lcd_Cmd30
L__Lcd_Cmd29:
0x0037	0x1006      	BCF        LCD_RS, BitPos(LCD_RS+0)
L__Lcd_Cmd30:
0x0038	0x1486      	BSF        LCD_EN, BitPos(LCD_EN+0)
0x0039	0x2003      	CALL       _Delay_1us
0x003A	0x1086      	BCF        LCD_EN, BitPos(LCD_EN+0)
0x003B	0x19B8      	BTFSC      FARG_Lcd_Cmd_out_char, 3
0x003C	0x283F      	GOTO       L__Lcd_Cmd31
0x003D	0x1386      	BCF        LCD_D7, BitPos(LCD_D7+0)
0x003E	0x2840      	GOTO       L__Lcd_Cmd32
L__Lcd_Cmd31:
0x003F	0x1786      	BSF        LCD_D7, BitPos(LCD_D7+0)
L__Lcd_Cmd32:
0x0040	0x1938      	BTFSC      FARG_Lcd_Cmd_out_char, 2
0x0041	0x2844      	GOTO       L__Lcd_Cmd33
0x0042	0x1306      	BCF        LCD_D6, BitPos(LCD_D6+0)
0x0043	0x2845      	GOTO       L__Lcd_Cmd34
L__Lcd_Cmd33:
0x0044	0x1706      	BSF        LCD_D6, BitPos(LCD_D6+0)
L__Lcd_Cmd34:
0x0045	0x18B8      	BTFSC      FARG_Lcd_Cmd_out_char, 1
0x0046	0x2849      	GOTO       L__Lcd_Cmd35
0x0047	0x1286      	BCF        LCD_D5, BitPos(LCD_D5+0)
0x0048	0x284A      	GOTO       L__Lcd_Cmd36
L__Lcd_Cmd35:
0x0049	0x1686      	BSF        LCD_D5, BitPos(LCD_D5+0)
L__Lcd_Cmd36:
0x004A	0x1838      	BTFSC      FARG_Lcd_Cmd_out_char, 0
0x004B	0x284E      	GOTO       L__Lcd_Cmd37
0x004C	0x1206      	BCF        LCD_D4, BitPos(LCD_D4+0)
0x004D	0x284F      	GOTO       L__Lcd_Cmd38
L__Lcd_Cmd37:
0x004E	0x1606      	BSF        LCD_D4, BitPos(LCD_D4+0)
L__Lcd_Cmd38:
0x004F	0x1820      	BTFSC      __Lib_Lcd_cmd_status, BitPos(__Lib_Lcd_cmd_status+0)
0x0050	0x2853      	GOTO       L__Lcd_Cmd39
0x0051	0x1406      	BSF        LCD_RS, BitPos(LCD_RS+0)
0x0052	0x2854      	GOTO       L__Lcd_Cmd40
L__Lcd_Cmd39:
0x0053	0x1006      	BCF        LCD_RS, BitPos(LCD_RS+0)
L__Lcd_Cmd40:
0x0054	0x1486      	BSF        LCD_EN, BitPos(LCD_EN+0)
0x0055	0x2003      	CALL       _Delay_1us
0x0056	0x1086      	BCF        LCD_EN, BitPos(LCD_EN+0)
0x0057	0x1C20      	BTFSS      __Lib_Lcd_cmd_status, BitPos(__Lib_Lcd_cmd_status+0)
0x0058	0x285B      	GOTO       L_Lcd_Cmd0
0x0059	0x2009      	CALL       _Delay_5500us
0x005A	0x285C      	GOTO       L_Lcd_Cmd1
L_Lcd_Cmd0:
0x005B	0x2016      	CALL       _Delay_50us
L_Lcd_Cmd1:
L_end_Lcd_Cmd:
0x005C	0x0008      	RETURN
; end of _Lcd_Cmd
_____DoICP:
0x005D	0x1283      	BCF        STATUS, 5
0x005E	0x1303      	BCF        STATUS, 6
0x005F	0x0822      	MOVF       ___DoICPAddr+1, 0
0x0060	0x008A      	MOVWF      PCLATH
0x0061	0x0821      	MOVF       ___DoICPAddr, 0
0x0062	0x0082      	MOVWF      PCL
L_end_____DoICP:
0x0063	0x0008      	RETURN
; end of _____DoICP
_Lcd_Chr_CP:
0x0064	0x1283      	BCF        STATUS, 5
0x0065	0x1303      	BCF        STATUS, 6
0x0066	0x1020      	BCF        __Lib_Lcd_cmd_status, BitPos(__Lib_Lcd_cmd_status+0)
0x0067	0x0837      	MOVF       FARG_Lcd_Chr_CP_out_char, 0
0x0068	0x00B8      	MOVWF      FARG_Lcd_Cmd_out_char
0x0069	0x201D      	CALL       _Lcd_Cmd
0x006A	0x1420      	BSF        __Lib_Lcd_cmd_status, BitPos(__Lib_Lcd_cmd_status+0)
L_end_Lcd_Chr_CP:
0x006B	0x0008      	RETURN
; end of _Lcd_Chr_CP
_Div_16X16_U:
0x006C	0x1283      	BCF        STATUS, 5
0x006D	0x1303      	BCF        STATUS, 6
0x006E	0x01F8      	CLRF       R8
0x006F	0x01F9      	CLRF       R9
0x0070	0x3010      	MOVLW      16
0x0071	0x00FC      	MOVWF      R12
0x0072	0x0D71      	RLF        R1, 0
0x0073	0x0DF8      	RLF        R8, 1
0x0074	0x0DF9      	RLF        R9, 1
0x0075	0x0874      	MOVF       R4, 0
0x0076	0x02F8      	SUBWF      R8, 1
0x0077	0x0875      	MOVF       R5, 0
0x0078	0x1C03      	BTFSS      STATUS, 0
0x0079	0x0F75      	INCFSZ     R5, 0
0x007A	0x02F9      	SUBWF      R9, 1
0x007B	0x1803      	BTFSC      STATUS, 0
0x007C	0x2884      	GOTO       $+8
0x007D	0x0874      	MOVF       R4, 0
0x007E	0x07F8      	ADDWF      R8, 1
0x007F	0x0875      	MOVF       R5, 0
0x0080	0x1803      	BTFSC      STATUS, 0
0x0081	0x0F75      	INCFSZ     R5, 0
0x0082	0x07F9      	ADDWF      R9, 1
0x0083	0x1003      	BCF        STATUS, 0
0x0084	0x0DF0      	RLF        R0, 1
0x0085	0x0DF1      	RLF        R1, 1
0x0086	0x0BFC      	DECFSZ     R12, 1
0x0087	0x2872      	GOTO       $-21
L_end_Div_16X16_U:
0x0088	0x0008      	RETURN
; end of _Div_16X16_U
___CC2DW:
_CC2D_Loop1:
0x0089	0x205D      	CALL       _____DoICP
0x008A	0x118A      	BCF        PCLATH, 3
0x008B	0x120A      	BCF        PCLATH, 4
0x008C	0x0080      	MOVWF      INDF
0x008D	0x0A84      	INCF       FSR, 1
0x008E	0x0AA1      	INCF       ___DoICPAddr, 1
0x008F	0x1903      	BTFSC      STATUS, 2
0x0090	0x0AA2      	INCF       ___DoICPAddr+1, 1
0x0091	0x03F0      	DECF       R0, 1
0x0092	0x1D03      	BTFSS      STATUS, 2
0x0093	0x2889      	GOTO       _CC2D_Loop1
L_end___CC2DW:
0x0094	0x0008      	RETURN
; end of ___CC2DW
_Lcd_Out_CP:
0x0095	0x1283      	BCF        STATUS, 5
0x0096	0x1303      	BCF        STATUS, 6
0x0097	0x01B3      	CLRF       Lcd_Out_CP_i_L0
L_Lcd_Out_CP2:
0x0098	0x0833      	MOVF       Lcd_Out_CP_i_L0, 0
0x0099	0x0732      	ADDWF      FARG_Lcd_Out_CP_text, 0
0x009A	0x0084      	MOVWF      FSR
0x009B	0x0800      	MOVF       INDF, 0
0x009C	0x1903      	BTFSC      STATUS, 2
0x009D	0x28A6      	GOTO       L_Lcd_Out_CP3
0x009E	0x0833      	MOVF       Lcd_Out_CP_i_L0, 0
0x009F	0x0732      	ADDWF      FARG_Lcd_Out_CP_text, 0
0x00A0	0x0084      	MOVWF      FSR
0x00A1	0x0800      	MOVF       INDF, 0
0x00A2	0x00B7      	MOVWF      FARG_Lcd_Chr_CP_out_char
0x00A3	0x2064      	CALL       _Lcd_Chr_CP
0x00A4	0x0AB3      	INCF       Lcd_Out_CP_i_L0, 1
0x00A5	0x2898      	GOTO       L_Lcd_Out_CP2
L_Lcd_Out_CP3:
L_end_Lcd_Out_CP:
0x00A6	0x0008      	RETURN
; end of _Lcd_Out_CP
_WordToStr:
0x00A7	0x1283      	BCF        STATUS, 5
0x00A8	0x1303      	BCF        STATUS, 6
0x00A9	0x01B5      	CLRF       WordToStr_len_L0
L_WordToStr11:
0x00AA	0x3005      	MOVLW      5
0x00AB	0x0235      	SUBWF      WordToStr_len_L0, 0
0x00AC	0x1803      	BTFSC      STATUS, 0
0x00AD	0x28B5      	GOTO       L_WordToStr12
0x00AE	0x0835      	MOVF       WordToStr_len_L0, 0
0x00AF	0x0734      	ADDWF      FARG_WordToStr_output, 0
0x00B0	0x0084      	MOVWF      FSR
0x00B1	0x3020      	MOVLW      32
0x00B2	0x0080      	MOVWF      INDF
0x00B3	0x0AB5      	INCF       WordToStr_len_L0, 1
0x00B4	0x28AA      	GOTO       L_WordToStr11
L_WordToStr12:
0x00B5	0x0835      	MOVF       WordToStr_len_L0, 0
0x00B6	0x0734      	ADDWF      FARG_WordToStr_output, 0
0x00B7	0x0084      	MOVWF      FSR
0x00B8	0x0180      	CLRF       INDF
0x00B9	0x03B5      	DECF       WordToStr_len_L0, 1
L_WordToStr14:
0x00BA	0x0835      	MOVF       WordToStr_len_L0, 0
0x00BB	0x0734      	ADDWF      FARG_WordToStr_output, 0
0x00BC	0x00B6      	MOVWF      FLOC__WordToStr
0x00BD	0x300A      	MOVLW      10
0x00BE	0x00F4      	MOVWF      R4
0x00BF	0x01F5      	CLRF       R4+1
0x00C0	0x0832      	MOVF       FARG_WordToStr_input, 0
0x00C1	0x00F0      	MOVWF      R0
0x00C2	0x0833      	MOVF       FARG_WordToStr_input+1, 0
0x00C3	0x00F1      	MOVWF      R0+1
0x00C4	0x206C      	CALL       _Div_16X16_U
0x00C5	0x0878      	MOVF       R8, 0
0x00C6	0x00F0      	MOVWF      R0
0x00C7	0x0879      	MOVF       R8+1, 0
0x00C8	0x00F1      	MOVWF      R0+1
0x00C9	0x3030      	MOVLW      48
0x00CA	0x07F0      	ADDWF      R0, 1
0x00CB	0x0836      	MOVF       FLOC__WordToStr, 0
0x00CC	0x0084      	MOVWF      FSR
0x00CD	0x0870      	MOVF       R0, 0
0x00CE	0x0080      	MOVWF      INDF
0x00CF	0x300A      	MOVLW      10
0x00D0	0x00F4      	MOVWF      R4
0x00D1	0x01F5      	CLRF       R4+1
0x00D2	0x0832      	MOVF       FARG_WordToStr_input, 0
0x00D3	0x00F0      	MOVWF      R0
0x00D4	0x0833      	MOVF       FARG_WordToStr_input+1, 0
0x00D5	0x00F1      	MOVWF      R0+1
0x00D6	0x206C      	CALL       _Div_16X16_U
0x00D7	0x0870      	MOVF       R0, 0
0x00D8	0x00B2      	MOVWF      FARG_WordToStr_input
0x00D9	0x0871      	MOVF       R0+1, 0
0x00DA	0x00B3      	MOVWF      FARG_WordToStr_input+1
0x00DB	0x3000      	MOVLW      0
0x00DC	0x0671      	XORWF      R0+1, 0
0x00DD	0x1D03      	BTFSS      STATUS, 2
0x00DE	0x28E1      	GOTO       L__WordToStr379
0x00DF	0x3000      	MOVLW      0
0x00E0	0x0670      	XORWF      R0, 0
L__WordToStr379:
0x00E1	0x1D03      	BTFSS      STATUS, 2
0x00E2	0x28E4      	GOTO       L_WordToStr16
0x00E3	0x28E6      	GOTO       L_WordToStr15
L_WordToStr16:
0x00E4	0x03B5      	DECF       WordToStr_len_L0, 1
0x00E5	0x28BA      	GOTO       L_WordToStr14
L_WordToStr15:
L_end_WordToStr:
0x00E6	0x0008      	RETURN
; end of _WordToStr
_Lcd_Out:
0x00E7	0x28F9      	GOTO       L_Lcd_Out11
L_Lcd_Out13:
0x00E8	0x3080      	MOVLW      128
0x00E9	0x1283      	BCF        STATUS, 5
0x00EA	0x1303      	BCF        STATUS, 6
0x00EB	0x00B2      	MOVWF      FARG_Lcd_Out_row
0x00EC	0x290C      	GOTO       L_Lcd_Out12
L_Lcd_Out14:
0x00ED	0x30C0      	MOVLW      192
0x00EE	0x00B2      	MOVWF      FARG_Lcd_Out_row
0x00EF	0x290C      	GOTO       L_Lcd_Out12
L_Lcd_Out15:
0x00F0	0x3094      	MOVLW      148
0x00F1	0x00B2      	MOVWF      FARG_Lcd_Out_row
0x00F2	0x290C      	GOTO       L_Lcd_Out12
L_Lcd_Out16:
0x00F3	0x30D4      	MOVLW      212
0x00F4	0x00B2      	MOVWF      FARG_Lcd_Out_row
0x00F5	0x290C      	GOTO       L_Lcd_Out12
L_Lcd_Out17:
0x00F6	0x3080      	MOVLW      128
0x00F7	0x00B2      	MOVWF      FARG_Lcd_Out_row
0x00F8	0x290C      	GOTO       L_Lcd_Out12
L_Lcd_Out11:
0x00F9	0x1283      	BCF        STATUS, 5
0x00FA	0x1303      	BCF        STATUS, 6
0x00FB	0x0832      	MOVF       FARG_Lcd_Out_row, 0
0x00FC	0x3A01      	XORLW      1
0x00FD	0x1903      	BTFSC      STATUS, 2
0x00FE	0x28E8      	GOTO       L_Lcd_Out13
0x00FF	0x0832      	MOVF       FARG_Lcd_Out_row, 0
0x0100	0x3A02      	XORLW      2
0x0101	0x1903      	BTFSC      STATUS, 2
0x0102	0x28ED      	GOTO       L_Lcd_Out14
0x0103	0x0832      	MOVF       FARG_Lcd_Out_row, 0
0x0104	0x3A03      	XORLW      3
0x0105	0x1903      	BTFSC      STATUS, 2
0x0106	0x28F0      	GOTO       L_Lcd_Out15
0x0107	0x0832      	MOVF       FARG_Lcd_Out_row, 0
0x0108	0x3A04      	XORLW      4
0x0109	0x1903      	BTFSC      STATUS, 2
0x010A	0x28F3      	GOTO       L_Lcd_Out16
0x010B	0x28F6      	GOTO       L_Lcd_Out17
L_Lcd_Out12:
0x010C	0x0333      	DECF       FARG_Lcd_Out_column, 0
0x010D	0x00F0      	MOVWF      R0
0x010E	0x0832      	MOVF       FARG_Lcd_Out_row, 0
0x010F	0x07F0      	ADDWF      R0, 1
0x0110	0x0870      	MOVF       R0, 0
0x0111	0x00B2      	MOVWF      FARG_Lcd_Out_row
0x0112	0x0870      	MOVF       R0, 0
0x0113	0x00B8      	MOVWF      FARG_Lcd_Cmd_out_char
0x0114	0x201D      	CALL       _Lcd_Cmd
0x0115	0x1020      	BCF        __Lib_Lcd_cmd_status, BitPos(__Lib_Lcd_cmd_status+0)
0x0116	0x01B5      	CLRF       Lcd_Out_i_L0
L_Lcd_Out18:
0x0117	0x0835      	MOVF       Lcd_Out_i_L0, 0
0x0118	0x0734      	ADDWF      FARG_Lcd_Out_text, 0
0x0119	0x0084      	MOVWF      FSR
0x011A	0x0800      	MOVF       INDF, 0
0x011B	0x1903      	BTFSC      STATUS, 2
0x011C	0x2925      	GOTO       L_Lcd_Out19
0x011D	0x0835      	MOVF       Lcd_Out_i_L0, 0
0x011E	0x0734      	ADDWF      FARG_Lcd_Out_text, 0
0x011F	0x0084      	MOVWF      FSR
0x0120	0x0800      	MOVF       INDF, 0
0x0121	0x00B7      	MOVWF      FARG_Lcd_Chr_CP_out_char
0x0122	0x2064      	CALL       _Lcd_Chr_CP
0x0123	0x0AB5      	INCF       Lcd_Out_i_L0, 1
0x0124	0x2917      	GOTO       L_Lcd_Out18
L_Lcd_Out19:
0x0125	0x1420      	BSF        __Lib_Lcd_cmd_status, BitPos(__Lib_Lcd_cmd_status+0)
L_end_Lcd_Out:
0x0126	0x0008      	RETURN
; end of _Lcd_Out
_Lcd_Init:
0x0127	0x1683      	BSF        STATUS, 5
0x0128	0x1303      	BCF        STATUS, 6
0x0129	0x1086      	BCF        LCD_EN_Direction, BitPos(LCD_EN_Direction+0)
0x012A	0x1006      	BCF        LCD_RS_Direction, BitPos(LCD_RS_Direction+0)
0x012B	0x1206      	BCF        LCD_D4_Direction, BitPos(LCD_D4_Direction+0)
0x012C	0x1286      	BCF        LCD_D5_Direction, BitPos(LCD_D5_Direction+0)
0x012D	0x1306      	BCF        LCD_D6_Direction, BitPos(LCD_D6_Direction+0)
0x012E	0x1386      	BCF        LCD_D7_Direction, BitPos(LCD_D7_Direction+0)
0x012F	0x1283      	BCF        STATUS, 5
0x0130	0x1086      	BCF        LCD_EN, BitPos(LCD_EN+0)
0x0131	0x1006      	BCF        LCD_RS, BitPos(LCD_RS+0)
0x0132	0x1386      	BCF        LCD_D7, BitPos(LCD_D7+0)
0x0133	0x1306      	BCF        LCD_D6, BitPos(LCD_D6+0)
0x0134	0x1286      	BCF        LCD_D5, BitPos(LCD_D5+0)
0x0135	0x1206      	BCF        LCD_D4, BitPos(LCD_D4+0)
0x0136	0x2009      	CALL       _Delay_5500us
0x0137	0x2009      	CALL       _Delay_5500us
0x0138	0x2009      	CALL       _Delay_5500us
0x0139	0x1686      	BSF        LCD_D5, BitPos(LCD_D5+0)
0x013A	0x1606      	BSF        LCD_D4, BitPos(LCD_D4+0)
0x013B	0x1486      	BSF        LCD_EN, BitPos(LCD_EN+0)
0x013C	0x2003      	CALL       _Delay_1us
0x013D	0x1086      	BCF        LCD_EN, BitPos(LCD_EN+0)
0x013E	0x2009      	CALL       _Delay_5500us
0x013F	0x1486      	BSF        LCD_EN, BitPos(LCD_EN+0)
0x0140	0x2003      	CALL       _Delay_1us
0x0141	0x1086      	BCF        LCD_EN, BitPos(LCD_EN+0)
0x0142	0x2009      	CALL       _Delay_5500us
0x0143	0x1486      	BSF        LCD_EN, BitPos(LCD_EN+0)
0x0144	0x2003      	CALL       _Delay_1us
0x0145	0x1086      	BCF        LCD_EN, BitPos(LCD_EN+0)
0x0146	0x2009      	CALL       _Delay_5500us
0x0147	0x1206      	BCF        LCD_D4, BitPos(LCD_D4+0)
0x0148	0x1486      	BSF        LCD_EN, BitPos(LCD_EN+0)
0x0149	0x2003      	CALL       _Delay_1us
0x014A	0x1086      	BCF        LCD_EN, BitPos(LCD_EN+0)
0x014B	0x2009      	CALL       _Delay_5500us
0x014C	0x1486      	BSF        LCD_EN, BitPos(LCD_EN+0)
0x014D	0x2003      	CALL       _Delay_1us
0x014E	0x1086      	BCF        LCD_EN, BitPos(LCD_EN+0)
0x014F	0x1286      	BCF        LCD_D5, BitPos(LCD_D5+0)
0x0150	0x1786      	BSF        LCD_D7, BitPos(LCD_D7+0)
0x0151	0x1486      	BSF        LCD_EN, BitPos(LCD_EN+0)
0x0152	0x2003      	CALL       _Delay_1us
0x0153	0x1086      	BCF        LCD_EN, BitPos(LCD_EN+0)
0x0154	0x2009      	CALL       _Delay_5500us
0x0155	0x1386      	BCF        LCD_D7, BitPos(LCD_D7+0)
0x0156	0x1606      	BSF        LCD_D4, BitPos(LCD_D4+0)
0x0157	0x1486      	BSF        LCD_EN, BitPos(LCD_EN+0)
0x0158	0x2003      	CALL       _Delay_1us
0x0159	0x1086      	BCF        LCD_EN, BitPos(LCD_EN+0)
0x015A	0x1206      	BCF        LCD_D4, BitPos(LCD_D4+0)
0x015B	0x1486      	BSF        LCD_EN, BitPos(LCD_EN+0)
0x015C	0x2003      	CALL       _Delay_1us
0x015D	0x1086      	BCF        LCD_EN, BitPos(LCD_EN+0)
0x015E	0x2009      	CALL       _Delay_5500us
0x015F	0x1486      	BSF        LCD_EN, BitPos(LCD_EN+0)
0x0160	0x2003      	CALL       _Delay_1us
0x0161	0x1086      	BCF        LCD_EN, BitPos(LCD_EN+0)
0x0162	0x1606      	BSF        LCD_D4, BitPos(LCD_D4+0)
0x0163	0x1486      	BSF        LCD_EN, BitPos(LCD_EN+0)
0x0164	0x2003      	CALL       _Delay_1us
0x0165	0x1086      	BCF        LCD_EN, BitPos(LCD_EN+0)
0x0166	0x2009      	CALL       _Delay_5500us
0x0167	0x1206      	BCF        LCD_D4, BitPos(LCD_D4+0)
0x0168	0x1486      	BSF        LCD_EN, BitPos(LCD_EN+0)
0x0169	0x2003      	CALL       _Delay_1us
0x016A	0x1086      	BCF        LCD_EN, BitPos(LCD_EN+0)
0x016B	0x1786      	BSF        LCD_D7, BitPos(LCD_D7+0)
0x016C	0x1706      	BSF        LCD_D6, BitPos(LCD_D6+0)
0x016D	0x1686      	BSF        LCD_D5, BitPos(LCD_D5+0)
0x016E	0x1606      	BSF        LCD_D4, BitPos(LCD_D4+0)
0x016F	0x1486      	BSF        LCD_EN, BitPos(LCD_EN+0)
0x0170	0x2003      	CALL       _Delay_1us
0x0171	0x1086      	BCF        LCD_EN, BitPos(LCD_EN+0)
0x0172	0x2009      	CALL       _Delay_5500us
0x0173	0x1420      	BSF        __Lib_Lcd_cmd_status, BitPos(__Lib_Lcd_cmd_status+0)
L_end_Lcd_Init:
0x0174	0x0008      	RETURN
; end of _Lcd_Init
_main:
0x0175	0x1683      	BSF        STATUS, 5
0x0176	0x1303      	BCF        STATUS, 6
0x0177	0x1408      	BSF        TRISD, 0
0x0178	0x2127      	CALL       _Lcd_Init
0x0179	0x300C      	MOVLW      12
0x017A	0x00B8      	MOVWF      FARG_Lcd_Cmd_out_char
0x017B	0x201D      	CALL       _Lcd_Cmd
0x017C	0x3001      	MOVLW      1
0x017D	0x00B2      	MOVWF      FARG_Lcd_Out_row
0x017E	0x3001      	MOVLW      1
0x017F	0x00B3      	MOVWF      FARG_Lcd_Out_column
0x0180	0x3054      	MOVLW      84
0x0181	0x00AB      	MOVWF      ?lstr1_do_chuki_xungvuong_timer1
0x0182	0x3020      	MOVLW      32
0x0183	0x00AC      	MOVWF      ?lstr1_do_chuki_xungvuong_timer1+1
0x0184	0x303D      	MOVLW      61
0x0185	0x00AD      	MOVWF      ?lstr1_do_chuki_xungvuong_timer1+2
0x0186	0x01AE      	CLRF       ?lstr1_do_chuki_xungvuong_timer1+3
0x0187	0x302B      	MOVLW      ?lstr1_do_chuki_xungvuong_timer1
0x0188	0x00B4      	MOVWF      FARG_Lcd_Out_text
0x0189	0x20E7      	CALL       _Lcd_Out
0x018A	0x1090      	BCF        T1CON, 1
0x018B	0x1210      	BCF        T1CON, 4
0x018C	0x1210      	BCF        T1CON, 4
L_main0:
0x018D	0x018F      	CLRF       TMR1H
L_main2:
0x018E	0x1C08      	BTFSS      PORTD, 0
0x018F	0x2991      	GOTO       L_main3
0x0190	0x298E      	GOTO       L_main2
L_main3:
L_main4:
0x0191	0x1808      	BTFSC      PORTD, 0
0x0192	0x2994      	GOTO       L_main5
0x0193	0x2991      	GOTO       L_main4
L_main5:
0x0194	0x1410      	BSF        T1CON, 0
L_main6:
0x0195	0x1C08      	BTFSS      PORTD, 0
0x0196	0x2998      	GOTO       L_main7
0x0197	0x2995      	GOTO       L_main6
L_main7:
L_main8:
0x0198	0x1808      	BTFSC      PORTD, 0
0x0199	0x299B      	GOTO       L_main9
0x019A	0x2998      	GOTO       L_main8
L_main9:
0x019B	0x1010      	BCF        T1CON, 0
0x019C	0x080F      	MOVF       TMR1H, 0
0x019D	0x00A3      	MOVWF      main_cnt_L0
0x019E	0x01A4      	CLRF       main_cnt_L0+1
0x019F	0x0823      	MOVF       main_cnt_L0, 0
0x01A0	0x00F1      	MOVWF      R0+1
0x01A1	0x01F0      	CLRF       R0
0x01A2	0x0870      	MOVF       R0, 0
0x01A3	0x00A3      	MOVWF      main_cnt_L0
0x01A4	0x0871      	MOVF       R0+1, 0
0x01A5	0x00A4      	MOVWF      main_cnt_L0+1
0x01A6	0x080E      	MOVF       TMR1L, 0
0x01A7	0x04F0      	IORWF      R0, 1
0x01A8	0x3000      	MOVLW      0
0x01A9	0x04F1      	IORWF      R0+1, 1
0x01AA	0x0870      	MOVF       R0, 0
0x01AB	0x00A3      	MOVWF      main_cnt_L0
0x01AC	0x0871      	MOVF       R0+1, 0
0x01AD	0x00A4      	MOVWF      main_cnt_L0+1
0x01AE	0x3088      	MOVLW      136
0x01AF	0x00F4      	MOVWF      R4
0x01B0	0x3013      	MOVLW      19
0x01B1	0x00F5      	MOVWF      R4+1
0x01B2	0x206C      	CALL       _Div_16X16_U
0x01B3	0x0870      	MOVF       R0, 0
0x01B4	0x00B2      	MOVWF      FARG_WordToStr_input
0x01B5	0x0871      	MOVF       R0+1, 0
0x01B6	0x00B3      	MOVWF      FARG_WordToStr_input+1
0x01B7	0x3025      	MOVLW      main_buffer_L0
0x01B8	0x00B4      	MOVWF      FARG_WordToStr_output
0x01B9	0x20A7      	CALL       _WordToStr
0x01BA	0x3001      	MOVLW      1
0x01BB	0x00B2      	MOVWF      FARG_Lcd_Out_row
0x01BC	0x3004      	MOVLW      4
0x01BD	0x00B3      	MOVWF      FARG_Lcd_Out_column
0x01BE	0x3025      	MOVLW      main_buffer_L0
0x01BF	0x00B4      	MOVWF      FARG_Lcd_Out_text
0x01C0	0x20E7      	CALL       _Lcd_Out
0x01C1	0x306D      	MOVLW      109
0x01C2	0x00AF      	MOVWF      ?lstr2_do_chuki_xungvuong_timer1
0x01C3	0x3073      	MOVLW      115
0x01C4	0x00B0      	MOVWF      ?lstr2_do_chuki_xungvuong_timer1+1
0x01C5	0x01B1      	CLRF       ?lstr2_do_chuki_xungvuong_timer1+2
0x01C6	0x302F      	MOVLW      ?lstr2_do_chuki_xungvuong_timer1
0x01C7	0x00B2      	MOVWF      FARG_Lcd_Out_CP_text
0x01C8	0x2095      	CALL       _Lcd_Out_CP
0x01C9	0x300D      	MOVLW      13
0x01CA	0x00FB      	MOVWF      R11
0x01CB	0x30AF      	MOVLW      175
0x01CC	0x00FC      	MOVWF      R12
0x01CD	0x30B6      	MOVLW      182
0x01CE	0x00FD      	MOVWF      R13
L_main10:
0x01CF	0x0BFD      	DECFSZ     R13, 1
0x01D0	0x29CF      	GOTO       L_main10
0x01D1	0x0BFC      	DECFSZ     R12, 1
0x01D2	0x29CF      	GOTO       L_main10
0x01D3	0x0BFB      	DECFSZ     R11, 1
0x01D4	0x29CF      	GOTO       L_main10
0x01D5	0x0000      	NOP
0x01D6	0x298D      	GOTO       L_main0
L_end_main:
0x01D7	0x29D7      	GOTO       $+0
; end of _main
Symbol List:
//** Routines locations **
//ADDRESS    SIZE    PROCEDURE
//----------------------------------------------
0x0003       [6]    _Delay_1us
0x0009      [13]    _Delay_5500us
0x0016       [7]    _Delay_50us
0x001D      [64]    _Lcd_Cmd
0x005D       [7]    _____DoICP
0x0064       [8]    _Lcd_Chr_CP
0x006C      [29]    _Div_16X16_U
0x0089      [12]    ___CC2DW
0x0095      [18]    _Lcd_Out_CP
0x00A7      [64]    _WordToStr
0x00E7      [64]    _Lcd_Out
0x0127      [78]    _Lcd_Init
0x0175      [99]    _main
//** Variables locations ** 
//ADDRESS    SIZE    VARIABLE
//----------------------------------------------
0x0000       [1]    INDF
0x0002       [1]    PCL
0x0003       [1]    STATUS
0x0004       [1]    FSR
0x0006       [0]    RB4_bit
0x0006       [0]    RB5_bit
0x0006       [0]    RB6_bit
0x0006       [0]    RB0_bit
0x0006       [0]    RB1_bit
0x0006       [0]    RB7_bit
0x0006       [0]    LCD_D6
0x0006       [0]    LCD_D7
0x0006       [0]    LCD_D5
0x0006       [0]    LCD_RS
0x0006       [0]    LCD_EN
0x0006       [0]    LCD_D4
0x0008       [1]    PORTD
0x000A       [1]    PCLATH
0x000E       [1]    TMR1L
0x000F       [1]    TMR1H
0x0010       [1]    T1CON
0x0020       [0]    __Lib_Lcd_cmd_status
0x0021       [2]    ___DoICPAddr
0x0023       [2]    main_cnt_L0
0x0025       [6]    main_buffer_L0
0x002B       [4]    ?lstr1_do_chuki_xungvuong_timer1
0x002F       [3]    ?lstr2_do_chuki_xungvuong_timer1
0x0032       [2]    FARG_WordToStr_input
0x0032       [1]    FARG_Lcd_Out_row
0x0032       [1]    FARG_Lcd_Out_CP_text
0x0033       [1]    Lcd_Out_CP_i_L0
0x0033       [1]    FARG_Lcd_Out_column
0x0034       [1]    FARG_Lcd_Out_text
0x0034       [1]    FARG_WordToStr_output
0x0035       [1]    Lcd_Out_i_L0
0x0035       [1]    WordToStr_len_L0
0x0036       [1]    FLOC__WordToStr
0x0037       [1]    FARG_Lcd_Chr_CP_out_char
0x0038       [1]    FARG_Lcd_Cmd_out_char
0x0070       [1]    R0
0x0071       [1]    R1
0x0072       [1]    R2
0x0073       [1]    R3
0x0074       [1]    R4
0x0075       [1]    R5
0x0076       [1]    R6
0x0077       [1]    R7
0x0078       [1]    R8
0x0079       [1]    R9
0x007A       [1]    R10
0x007B       [1]    R11
0x007C       [1]    R12
0x007D       [1]    R13
0x007E       [1]    R14
0x007F       [1]    R15
0x0086       [0]    TRISB7_bit
0x0086       [0]    TRISB1_bit
0x0086       [0]    TRISB0_bit
0x0086       [0]    TRISB4_bit
0x0086       [0]    LCD_RS_Direction
0x0086       [0]    LCD_D5_Direction
0x0086       [0]    LCD_D7_Direction
0x0086       [0]    LCD_D6_Direction
0x0086       [0]    LCD_D4_Direction
0x0086       [0]    TRISB6_bit
0x0086       [0]    TRISB5_bit
0x0086       [0]    LCD_EN_Direction
0x0088       [1]    TRISD
