
ROM used:   112/8192 (1%)
            112/8192 (1%) including unused fragments

            0.2 Average locations per line
            11.2 Average locations per statement

RAM used:   8/368 (2%) at main() level
            9/368 (2%) worst case

Stack used: 0 worst case (0 in main + 0 for interrupts)
Stack size: 8

Lines Stmts  %   Files
----- ----- ---  -----
   18    10 100  main.c
    9     0   0  main.h
  671     0   0  ..\..\..\..\..\..\Program Files (x86)\PICC\Devices\16F877A.h
----- -----
  698    10 Total

Page ROM  %  RAM    Vol Diff  Functions:
---- --- --- ---    --- ----  ----------
0     22  20    1             @delay_ms1
0     86  77    0    204  2.7  main
 Inline         0             @cinit1

Program metrics:
    Functions               1
    Statements              10
    Comments                119
    Volume (V)              209
    Difficulty (D)          2.5
    Effort to implement (E) 518
    Time to implement (T)   0 minutes
    Est Delivered Bugs (B)  0
    Cyclomatic Complexity   1
    Maintainability (MI)    59

 Segment     Used  Free
-----------  ----  ----
00000-00003     4  0  
00004-007FF   108  1936  
00800-00FFF     0  2048  
01000-017FF     0  2048  
01800-01FFF     0  2048  



