CCS PCM C Compiler, Version 5.109, 5967               26-Thg5-23 14:16

               Filename:   C:\Users\Minh Toan\OneDrive\desktop\PWM1\MAIN\main.lst

               ROM used:   112 words (1%)
                           Largest free fragment is 2048
               RAM used:   8 (2%) at main() level
                           9 (2%) worst case
               Stack used: 0 locations
               Stack size: 8

*
0000:  MOVLW  00
0001:  MOVWF  0A
0002:  GOTO   01A
0003:  NOP
.................... #include <main.h>
.................... #include <16F877A.h>
.................... //////////// Standard Header file for the PIC16F877A device ////////////////
.................... ///////////////////////////////////////////////////////////////////////////
.................... ////        (C) Copyright 1996, 2013 Custom Computer Services          ////
.................... //// This source code may only be used by licensed users of the CCS C  ////
.................... //// compiler.  This source code may only be distributed to other      ////
.................... //// licensed users of the CCS C compiler.  No other use, reproduction ////
.................... //// or distribution is permitted without written permission.          ////
.................... //// Derivative programs created using this software in object code    ////
.................... //// form are not restricted in any way.                               ////
.................... ///////////////////////////////////////////////////////////////////////////
.................... #device PIC16F877A
.................... 
.................... #list
.................... 
.................... #device ADC=16
.................... 
.................... #FUSES NOWDT                 	//No Watch Dog Timer
.................... #FUSES WRT_1000              	//Program Memory Write Protected from 0 to 0x0FFF
.................... 
.................... #use delay(crystal=20000000)
0004:  MOVLW  23
0005:  MOVWF  04
0006:  BCF    03.7
0007:  MOVF   00,W
0008:  BTFSC  03.2
0009:  GOTO   017
000A:  MOVLW  06
000B:  MOVWF  78
000C:  CLRF   77
000D:  DECFSZ 77,F
000E:  GOTO   00D
000F:  DECFSZ 78,F
0010:  GOTO   00C
0011:  MOVLW  7B
0012:  MOVWF  77
0013:  DECFSZ 77,F
0014:  GOTO   013
0015:  DECFSZ 00,F
0016:  GOTO   00A
0017:  BCF    0A.3
0018:  BCF    0A.4
0019:  GOTO   03E (RETURN)
.................... 
.................... 
.................... int16 value = 0;
.................... void main()
001A:  MOVF   03,W
001B:  ANDLW  1F
001C:  MOVWF  03
001D:  CLRF   21
001E:  CLRF   20
001F:  MOVLW  FF
0020:  MOVWF  22
0021:  BSF    03.5
0022:  BSF    1F.0
0023:  BSF    1F.1
0024:  BSF    1F.2
0025:  BCF    1F.3
0026:  MOVLW  07
0027:  MOVWF  1C
0028:  BCF    03.7
.................... {
....................    setup_adc_ports(AN0);
0029:  BCF    1F.0
002A:  BSF    1F.1
002B:  BSF    1F.2
002C:  BSF    1F.3
....................    setup_adc(ADC_CLOCK_INTERNAL);
002D:  BCF    1F.6
002E:  BCF    03.5
002F:  BSF    1F.6
0030:  BSF    1F.7
0031:  BSF    03.5
0032:  BCF    1F.7
0033:  BCF    03.5
0034:  BSF    1F.0
....................    set_adc_channel(0);
0035:  MOVLW  00
0036:  MOVWF  78
0037:  MOVF   1F,W
0038:  ANDLW  C7
0039:  IORWF  78,W
003A:  MOVWF  1F
....................    delay_ms(1);
003B:  MOVLW  01
003C:  MOVWF  23
003D:  GOTO   004
....................    setup_CCP1(CCP_PWM);
003E:  BCF    22.2
003F:  MOVF   22,W
0040:  BSF    03.5
0041:  MOVWF  07
0042:  BCF    03.5
0043:  BCF    07.2
0044:  MOVLW  0C
0045:  MOVWF  17
....................    setup_timer_2(T2_DIV_BY_1, 255, 1);
0046:  MOVLW  00
0047:  MOVWF  78
0048:  IORLW  04
0049:  MOVWF  12
004A:  MOVLW  FF
004B:  BSF    03.5
004C:  MOVWF  12
....................    while(TRUE)
....................    {
....................       value = read_adc();
004D:  BCF    03.5
004E:  BSF    1F.2
004F:  BTFSC  1F.2
0050:  GOTO   04F
0051:  MOVF   1E,W
0052:  MOVWF  79
0053:  BSF    03.5
0054:  MOVF   1E,W
0055:  MOVWF  78
0056:  MOVF   79,W
0057:  BCF    03.5
0058:  MOVWF  21
0059:  MOVF   78,W
005A:  MOVWF  20
....................       set_PWM1_duty(value);
005B:  MOVF   21,W
005C:  MOVWF  79
005D:  MOVF   20,W
005E:  MOVWF  78
005F:  RRF    79,F
0060:  RRF    78,F
0061:  RRF    79,F
0062:  RRF    78,F
0063:  RRF    79,F
0064:  MOVF   78,W
0065:  MOVWF  15
0066:  RRF    79,F
0067:  RRF    79,W
0068:  ANDLW  30
0069:  MOVWF  77
006A:  MOVF   17,W
006B:  ANDLW  CF
006C:  IORWF  77,W
006D:  MOVWF  17
006E:  GOTO   04E
....................    }
.................... 
.................... }
006F:  SLEEP

Configuration Fuses:
   Word  1: 3972   HS NOWDT PUT BROWNOUT NOLVP NOCPD WRT_1000 NODEBUG NOPROTECT
