
ROM used:   173/8192 (2%)
            173/8192 (2%) including unused fragments

            0.2 Average locations per line
            3.8 Average locations per statement

RAM used:   8/368 (2%) at main() level
            8/368 (2%) worst case

Stack used: 0 worst case (0 in main + 0 for interrupts)
Stack size: 8

Lines Stmts  %   Files
----- ----- ---  -----
   62    46 100  main.c
   12     0   0  main.h
  671     0   0  ..\..\..\..\..\..\Program Files (x86)\PICC\Devices\16F877A.h
----- -----
  745    46 Total

Page ROM  %  RAM    Vol Diff  Functions:
---- --- --- ---    --- ----  ----------
0     20  12    1             @delay_ms1
0    149  86    1   1206  3.9  main
 Inline         0             @cinit1

Program metrics:
    Functions               1
    Statements              46
    Comments                122
    Volume (V)              1212
    Difficulty (D)          3.8
    Effort to implement (E) 4626
    Time to implement (T)   4 minutes
    Est Delivered Bugs (B)  0
    Cyclomatic Complexity   5
    Maintainability (MI)    22

 Segment     Used  Free
-----------  ----  ----
00000-00003     4  0  
00004-007FF   169  1875  
00800-00FFF     0  2048  
01000-017FF     0  2048  
01800-01FFF     0  2048  



