
ROM used:   1465/8192 (18%)
            1465/8192 (18%) including unused fragments

            1.1 Average locations per line
            9.8 Average locations per statement

RAM used:   31/368 (8%) at main() level
            42/368 (11%) worst case

Stack used: 5 worst case (5 in main + 0 for interrupts)
Stack size: 8

Lines Stmts  %   Files
----- ----- ---  -----
   84    49  33  main.c
    9     0   0  main.h
  768     0   0  C:\Program Files (x86)\PICC\Devices\16F887.h
  456   100  67  C:\Program Files (x86)\PICC\Drivers\lcd.c
----- -----
 1317   149 Total

Page ROM  %  RAM    Vol Diff  Functions:
---- --- --- ---    --- ----  ----------
0     20   1    1             @delay_ms1
 Inline         3    760  4.5  lcd_read_byte
0     49   3    2    262  3.7  lcd_read_nibble
0     44   3    1    399  2.4  lcd_send_nibble
0     92   6    3    415  3.7  lcd_send_byte
0     70   5    6    852  6.2  lcd_init
0     18   1    4    208  6.3  lcd_gotoxy
0     44   3    1    354  4.7  lcd_putc
0    152  10    5    272  4.2  read_lm35_a
0     46   3    5             @SDTOF
0    202  14   14             @DIVFF
0     31   2    5             @FTOSD
0    152  10    5    272  4.2  read_lm35_b
0    323  22    8    940  6.2  MAIN
0      8   1    0             @const652
0     86   6    4             @PSTRINGC7_622
0    122   8   14             @DIVS3232
0      1   0    0             @const660
0      1   0    0             @const661
 Inline         0             @cinit1

Program metrics:
    Functions               10
    Statements              149
    Comments                236
    Volume (V)              7388
    Difficulty (D)          44.5
    Effort to implement (E) 329011
    Time to implement (T)   5 hours, 5 minutes
    Est Delivered Bugs (B)  2
    Cyclomatic Complexity   12
    Maintainability (MI)    140

 Segment     Used  Free
-----------  ----  ----
00000-00003     4  0  
00004-007FF  1461  583  
00800-00FFF     0  2048  
01000-017FF     0  2048  
01800-01FFF     0  2048  



